2019-06-10 00:10:50,983 INFO org.apache.hadoop.hdfs.server.namenode.SecondaryNameNode: STARTUP_MSG: 
/************************************************************
STARTUP_MSG: Starting SecondaryNameNode
STARTUP_MSG:   user = hduser
STARTUP_MSG:   host = ubuntu/127.0.1.1
STARTUP_MSG:   args = []
STARTUP_MSG:   version = 2.8.5
STARTUP_MSG:   classpath = /opt/hadoop/etc/hadoop:/opt/hadoop/share/hadoop/common/lib/mockito-all-1.8.5.jar:/opt/hadoop/share/hadoop/common/lib/jackson-core-asl-1.9.13.jar:/opt/hadoop/share/hadoop/common/lib/slf4j-api-1.7.10.jar:/opt/hadoop/share/hadoop/common/lib/log4j-1.2.17.jar:/opt/hadoop/share/hadoop/common/lib/jaxb-impl-2.2.3-1.jar:/opt/hadoop/share/hadoop/common/lib/paranamer-2.3.jar:/opt/hadoop/share/hadoop/common/lib/commons-codec-1.4.jar:/opt/hadoop/share/hadoop/common/lib/xz-1.0.jar:/opt/hadoop/share/hadoop/common/lib/json-smart-1.3.1.jar:/opt/hadoop/share/hadoop/common/lib/gson-2.2.4.jar:/opt/hadoop/share/hadoop/common/lib/api-util-1.0.0-M20.jar:/opt/hadoop/share/hadoop/common/lib/jackson-mapper-asl-1.9.13.jar:/opt/hadoop/share/hadoop/common/lib/httpclient-4.5.2.jar:/opt/hadoop/share/hadoop/common/lib/jets3t-0.9.0.jar:/opt/hadoop/share/hadoop/common/lib/commons-io-2.4.jar:/opt/hadoop/share/hadoop/common/lib/netty-3.6.2.Final.jar:/opt/hadoop/share/hadoop/common/lib/apacheds-kerberos-codec-2.0.0-M15.jar:/opt/hadoop/share/hadoop/common/lib/jsch-0.1.54.jar:/opt/hadoop/share/hadoop/common/lib/zookeeper-3.4.6.jar:/opt/hadoop/share/hadoop/common/lib/junit-4.11.jar:/opt/hadoop/share/hadoop/common/lib/jetty-6.1.26.jar:/opt/hadoop/share/hadoop/common/lib/nimbus-jose-jwt-4.41.1.jar:/opt/hadoop/share/hadoop/common/lib/httpcore-4.4.4.jar:/opt/hadoop/share/hadoop/common/lib/jetty-sslengine-6.1.26.jar:/opt/hadoop/share/hadoop/common/lib/apacheds-i18n-2.0.0-M15.jar:/opt/hadoop/share/hadoop/common/lib/commons-beanutils-core-1.8.0.jar:/opt/hadoop/share/hadoop/common/lib/java-xmlbuilder-0.4.jar:/opt/hadoop/share/hadoop/common/lib/jettison-1.1.jar:/opt/hadoop/share/hadoop/common/lib/jackson-xc-1.9.13.jar:/opt/hadoop/share/hadoop/common/lib/slf4j-log4j12-1.7.10.jar:/opt/hadoop/share/hadoop/common/lib/commons-net-3.1.jar:/opt/hadoop/share/hadoop/common/lib/commons-digester-1.8.jar:/opt/hadoop/share/hadoop/common/lib/servlet-api-2.5.jar:/opt/hadoop/share/hadoop/common/lib/jackson-jaxrs-1.9.13.jar:/opt/hadoop/share/hadoop/common/lib/commons-configuration-1.6.jar:/opt/hadoop/share/hadoop/common/lib/commons-beanutils-1.7.0.jar:/opt/hadoop/share/hadoop/common/lib/jetty-util-6.1.26.jar:/opt/hadoop/share/hadoop/common/lib/commons-cli-1.2.jar:/opt/hadoop/share/hadoop/common/lib/jsr305-3.0.0.jar:/opt/hadoop/share/hadoop/common/lib/hadoop-annotations-2.8.5.jar:/opt/hadoop/share/hadoop/common/lib/snappy-java-1.0.4.1.jar:/opt/hadoop/share/hadoop/common/lib/asm-3.2.jar:/opt/hadoop/share/hadoop/common/lib/jaxb-api-2.2.2.jar:/opt/hadoop/share/hadoop/common/lib/xmlenc-0.52.jar:/opt/hadoop/share/hadoop/common/lib/jcip-annotations-1.0-1.jar:/opt/hadoop/share/hadoop/common/lib/htrace-core4-4.0.1-incubating.jar:/opt/hadoop/share/hadoop/common/lib/api-asn1-api-1.0.0-M20.jar:/opt/hadoop/share/hadoop/common/lib/jersey-json-1.9.jar:/opt/hadoop/share/hadoop/common/lib/hamcrest-core-1.3.jar:/opt/hadoop/share/hadoop/common/lib/commons-collections-3.2.2.jar:/opt/hadoop/share/hadoop/common/lib/stax-api-1.0-2.jar:/opt/hadoop/share/hadoop/common/lib/jersey-server-1.9.jar:/opt/hadoop/share/hadoop/common/lib/commons-math3-3.1.1.jar:/opt/hadoop/share/hadoop/common/lib/hadoop-auth-2.8.5.jar:/opt/hadoop/share/hadoop/common/lib/protobuf-java-2.5.0.jar:/opt/hadoop/share/hadoop/common/lib/curator-client-2.7.1.jar:/opt/hadoop/share/hadoop/common/lib/activation-1.1.jar:/opt/hadoop/share/hadoop/common/lib/jsp-api-2.1.jar:/opt/hadoop/share/hadoop/common/lib/commons-lang-2.6.jar:/opt/hadoop/share/hadoop/common/lib/curator-framework-2.7.1.jar:/opt/hadoop/share/hadoop/common/lib/jersey-core-1.9.jar:/opt/hadoop/share/hadoop/common/lib/commons-compress-1.4.1.jar:/opt/hadoop/share/hadoop/common/lib/avro-1.7.4.jar:/opt/hadoop/share/hadoop/common/lib/curator-recipes-2.7.1.jar:/opt/hadoop/share/hadoop/common/lib/guava-11.0.2.jar:/opt/hadoop/share/hadoop/common/lib/commons-logging-1.1.3.jar:/opt/hadoop/share/hadoop/common/hadoop-common-2.8.5.jar:/opt/hadoop/share/hadoop/common/hadoop-nfs-2.8.5.jar:/opt/hadoop/share/hadoop/common/hadoop-common-2.8.5-tests.jar:/opt/hadoop/share/hadoop/hdfs:/opt/hadoop/share/hadoop/hdfs/lib/jackson-core-asl-1.9.13.jar:/opt/hadoop/share/hadoop/hdfs/lib/xml-apis-1.3.04.jar:/opt/hadoop/share/hadoop/hdfs/lib/log4j-1.2.17.jar:/opt/hadoop/share/hadoop/hdfs/lib/commons-codec-1.4.jar:/opt/hadoop/share/hadoop/hdfs/lib/okio-1.4.0.jar:/opt/hadoop/share/hadoop/hdfs/lib/jackson-mapper-asl-1.9.13.jar:/opt/hadoop/share/hadoop/hdfs/lib/commons-io-2.4.jar:/opt/hadoop/share/hadoop/hdfs/lib/netty-3.6.2.Final.jar:/opt/hadoop/share/hadoop/hdfs/lib/netty-all-4.0.23.Final.jar:/opt/hadoop/share/hadoop/hdfs/lib/jetty-6.1.26.jar:/opt/hadoop/share/hadoop/hdfs/lib/leveldbjni-all-1.8.jar:/opt/hadoop/share/hadoop/hdfs/lib/servlet-api-2.5.jar:/opt/hadoop/share/hadoop/hdfs/lib/jetty-util-6.1.26.jar:/opt/hadoop/share/hadoop/hdfs/lib/okhttp-2.4.0.jar:/opt/hadoop/share/hadoop/hdfs/lib/commons-cli-1.2.jar:/opt/hadoop/share/hadoop/hdfs/lib/jsr305-3.0.0.jar:/opt/hadoop/share/hadoop/hdfs/lib/asm-3.2.jar:/opt/hadoop/share/hadoop/hdfs/lib/xmlenc-0.52.jar:/opt/hadoop/share/hadoop/hdfs/lib/hadoop-hdfs-client-2.8.5.jar:/opt/hadoop/share/hadoop/hdfs/lib/htrace-core4-4.0.1-incubating.jar:/opt/hadoop/share/hadoop/hdfs/lib/commons-daemon-1.0.13.jar:/opt/hadoop/share/hadoop/hdfs/lib/jersey-server-1.9.jar:/opt/hadoop/share/hadoop/hdfs/lib/protobuf-java-2.5.0.jar:/opt/hadoop/share/hadoop/hdfs/lib/commons-lang-2.6.jar:/opt/hadoop/share/hadoop/hdfs/lib/jersey-core-1.9.jar:/opt/hadoop/share/hadoop/hdfs/lib/xercesImpl-2.9.1.jar:/opt/hadoop/share/hadoop/hdfs/lib/guava-11.0.2.jar:/opt/hadoop/share/hadoop/hdfs/lib/commons-logging-1.1.3.jar:/opt/hadoop/share/hadoop/hdfs/hadoop-hdfs-2.8.5-tests.jar:/opt/hadoop/share/hadoop/hdfs/hadoop-hdfs-native-client-2.8.5-tests.jar:/opt/hadoop/share/hadoop/hdfs/hadoop-hdfs-2.8.5.jar:/opt/hadoop/share/hadoop/hdfs/hadoop-hdfs-client-2.8.5-tests.jar:/opt/hadoop/share/hadoop/hdfs/hadoop-hdfs-client-2.8.5.jar:/opt/hadoop/share/hadoop/hdfs/hadoop-hdfs-nfs-2.8.5.jar:/opt/hadoop/share/hadoop/hdfs/hadoop-hdfs-native-client-2.8.5.jar:/opt/hadoop/share/hadoop/yarn/lib/jackson-core-asl-1.9.13.jar:/opt/hadoop/share/hadoop/yarn/lib/aopalliance-1.0.jar:/opt/hadoop/share/hadoop/yarn/lib/log4j-1.2.17.jar:/opt/hadoop/share/hadoop/yarn/lib/jaxb-impl-2.2.3-1.jar:/opt/hadoop/share/hadoop/yarn/lib/commons-codec-1.4.jar:/opt/hadoop/share/hadoop/yarn/lib/xz-1.0.jar:/opt/hadoop/share/hadoop/yarn/lib/jackson-mapper-asl-1.9.13.jar:/opt/hadoop/share/hadoop/yarn/lib/commons-io-2.4.jar:/opt/hadoop/share/hadoop/yarn/lib/zookeeper-3.4.6-tests.jar:/opt/hadoop/share/hadoop/yarn/lib/netty-3.6.2.Final.jar:/opt/hadoop/share/hadoop/yarn/lib/guice-3.0.jar:/opt/hadoop/share/hadoop/yarn/lib/zookeeper-3.4.6.jar:/opt/hadoop/share/hadoop/yarn/lib/jetty-6.1.26.jar:/opt/hadoop/share/hadoop/yarn/lib/curator-test-2.7.1.jar:/opt/hadoop/share/hadoop/yarn/lib/leveldbjni-all-1.8.jar:/opt/hadoop/share/hadoop/yarn/lib/jersey-guice-1.9.jar:/opt/hadoop/share/hadoop/yarn/lib/javassist-3.18.1-GA.jar:/opt/hadoop/share/hadoop/yarn/lib/jettison-1.1.jar:/opt/hadoop/share/hadoop/yarn/lib/jackson-xc-1.9.13.jar:/opt/hadoop/share/hadoop/yarn/lib/java-util-1.9.0.jar:/opt/hadoop/share/hadoop/yarn/lib/servlet-api-2.5.jar:/opt/hadoop/share/hadoop/yarn/lib/jackson-jaxrs-1.9.13.jar:/opt/hadoop/share/hadoop/yarn/lib/commons-math-2.2.jar:/opt/hadoop/share/hadoop/yarn/lib/jersey-client-1.9.jar:/opt/hadoop/share/hadoop/yarn/lib/jetty-util-6.1.26.jar:/opt/hadoop/share/hadoop/yarn/lib/fst-2.50.jar:/opt/hadoop/share/hadoop/yarn/lib/commons-cli-1.2.jar:/opt/hadoop/share/hadoop/yarn/lib/jsr305-3.0.0.jar:/opt/hadoop/share/hadoop/yarn/lib/javax.inject-1.jar:/opt/hadoop/share/hadoop/yarn/lib/json-io-2.5.1.jar:/opt/hadoop/share/hadoop/yarn/lib/asm-3.2.jar:/opt/hadoop/share/hadoop/yarn/lib/jaxb-api-2.2.2.jar:/opt/hadoop/share/hadoop/yarn/lib/jersey-json-1.9.jar:/opt/hadoop/share/hadoop/yarn/lib/commons-collections-3.2.2.jar:/opt/hadoop/share/hadoop/yarn/lib/stax-api-1.0-2.jar:/opt/hadoop/share/hadoop/yarn/lib/guice-servlet-3.0.jar:/opt/hadoop/share/hadoop/yarn/lib/jersey-server-1.9.jar:/opt/hadoop/share/hadoop/yarn/lib/protobuf-java-2.5.0.jar:/opt/hadoop/share/hadoop/yarn/lib/curator-client-2.7.1.jar:/opt/hadoop/share/hadoop/yarn/lib/activation-1.1.jar:/opt/hadoop/share/hadoop/yarn/lib/commons-lang-2.6.jar:/opt/hadoop/share/hadoop/yarn/lib/jersey-core-1.9.jar:/opt/hadoop/share/hadoop/yarn/lib/commons-compress-1.4.1.jar:/opt/hadoop/share/hadoop/yarn/lib/guava-11.0.2.jar:/opt/hadoop/share/hadoop/yarn/lib/commons-logging-1.1.3.jar:/opt/hadoop/share/hadoop/yarn/hadoop-yarn-server-resourcemanager-2.8.5.jar:/opt/hadoop/share/hadoop/yarn/hadoop-yarn-api-2.8.5.jar:/opt/hadoop/share/hadoop/yarn/hadoop-yarn-server-web-proxy-2.8.5.jar:/opt/hadoop/share/hadoop/yarn/hadoop-yarn-applications-distributedshell-2.8.5.jar:/opt/hadoop/share/hadoop/yarn/hadoop-yarn-server-nodemanager-2.8.5.jar:/opt/hadoop/share/hadoop/yarn/hadoop-yarn-server-tests-2.8.5.jar:/opt/hadoop/share/hadoop/yarn/hadoop-yarn-server-common-2.8.5.jar:/opt/hadoop/share/hadoop/yarn/hadoop-yarn-applications-unmanaged-am-launcher-2.8.5.jar:/opt/hadoop/share/hadoop/yarn/hadoop-yarn-registry-2.8.5.jar:/opt/hadoop/share/hadoop/yarn/hadoop-yarn-server-timeline-pluginstorage-2.8.5.jar:/opt/hadoop/share/hadoop/yarn/hadoop-yarn-server-applicationhistoryservice-2.8.5.jar:/opt/hadoop/share/hadoop/yarn/hadoop-yarn-server-sharedcachemanager-2.8.5.jar:/opt/hadoop/share/hadoop/yarn/hadoop-yarn-client-2.8.5.jar:/opt/hadoop/share/hadoop/yarn/hadoop-yarn-common-2.8.5.jar:/opt/hadoop/share/hadoop/mapreduce/lib/jackson-core-asl-1.9.13.jar:/opt/hadoop/share/hadoop/mapreduce/lib/aopalliance-1.0.jar:/opt/hadoop/share/hadoop/mapreduce/lib/log4j-1.2.17.jar:/opt/hadoop/share/hadoop/mapreduce/lib/paranamer-2.3.jar:/opt/hadoop/share/hadoop/mapreduce/lib/xz-1.0.jar:/opt/hadoop/share/hadoop/mapreduce/lib/jackson-mapper-asl-1.9.13.jar:/opt/hadoop/share/hadoop/mapreduce/lib/commons-io-2.4.jar:/opt/hadoop/share/hadoop/mapreduce/lib/netty-3.6.2.Final.jar:/opt/hadoop/share/hadoop/mapreduce/lib/guice-3.0.jar:/opt/hadoop/share/hadoop/mapreduce/lib/junit-4.11.jar:/opt/hadoop/share/hadoop/mapreduce/lib/leveldbjni-all-1.8.jar:/opt/hadoop/share/hadoop/mapreduce/lib/jersey-guice-1.9.jar:/opt/hadoop/share/hadoop/mapreduce/lib/hadoop-annotations-2.8.5.jar:/opt/hadoop/share/hadoop/mapreduce/lib/snappy-java-1.0.4.1.jar:/opt/hadoop/share/hadoop/mapreduce/lib/javax.inject-1.jar:/opt/hadoop/share/hadoop/mapreduce/lib/asm-3.2.jar:/opt/hadoop/share/hadoop/mapreduce/lib/hamcrest-core-1.3.jar:/opt/hadoop/share/hadoop/mapreduce/lib/guice-servlet-3.0.jar:/opt/hadoop/share/hadoop/mapreduce/lib/jersey-server-1.9.jar:/opt/hadoop/share/hadoop/mapreduce/lib/protobuf-java-2.5.0.jar:/opt/hadoop/share/hadoop/mapreduce/lib/jersey-core-1.9.jar:/opt/hadoop/share/hadoop/mapreduce/lib/commons-compress-1.4.1.jar:/opt/hadoop/share/hadoop/mapreduce/lib/avro-1.7.4.jar:/opt/hadoop/share/hadoop/mapreduce/hadoop-mapreduce-client-hs-plugins-2.8.5.jar:/opt/hadoop/share/hadoop/mapreduce/hadoop-mapreduce-client-app-2.8.5.jar:/opt/hadoop/share/hadoop/mapreduce/hadoop-mapreduce-client-jobclient-2.8.5.jar:/opt/hadoop/share/hadoop/mapreduce/hadoop-mapreduce-client-jobclient-2.8.5-tests.jar:/opt/hadoop/share/hadoop/mapreduce/hadoop-mapreduce-examples-2.8.5.jar:/opt/hadoop/share/hadoop/mapreduce/hadoop-mapreduce-client-hs-2.8.5.jar:/opt/hadoop/share/hadoop/mapreduce/hadoop-mapreduce-client-core-2.8.5.jar:/opt/hadoop/share/hadoop/mapreduce/hadoop-mapreduce-client-common-2.8.5.jar:/opt/hadoop/share/hadoop/mapreduce/hadoop-mapreduce-client-shuffle-2.8.5.jar:/contrib/capacity-scheduler/*.jar:/contrib/capacity-scheduler/*.jar:/contrib/capacity-scheduler/*.jar
STARTUP_MSG:   build = https://git-wip-us.apache.org/repos/asf/hadoop.git -r 0b8464d75227fcee2c6e7f2410377b3d53d3d5f8; compiled by 'jdu' on 2018-09-10T03:32Z
STARTUP_MSG:   java = 1.8.0_211
************************************************************/
2019-06-10 00:10:51,010 INFO org.apache.hadoop.hdfs.server.namenode.SecondaryNameNode: registered UNIX signal handlers for [TERM, HUP, INT]
2019-06-10 00:10:52,459 INFO org.apache.hadoop.metrics2.impl.MetricsConfig: loaded properties from hadoop-metrics2.properties
2019-06-10 00:10:52,764 INFO org.apache.hadoop.metrics2.impl.MetricsSystemImpl: Scheduled Metric snapshot period at 10 second(s).
2019-06-10 00:10:52,764 INFO org.apache.hadoop.metrics2.impl.MetricsSystemImpl: SecondaryNameNode metrics system started
2019-06-10 00:10:53,708 INFO org.apache.hadoop.hdfs.server.namenode.FSEditLog: Edit logging is async:true
2019-06-10 00:10:53,753 INFO org.apache.hadoop.hdfs.server.common.Storage: Lock on /opt/hadoop/hadooptmpdata/dfs/namesecondary/in_use.lock acquired by nodename 17295@ubuntu
2019-06-10 00:10:53,777 INFO org.apache.hadoop.hdfs.server.namenode.FSNamesystem: KeyProvider: null
2019-06-10 00:10:53,778 INFO org.apache.hadoop.hdfs.server.namenode.FSNamesystem: fsLock is fair: true
2019-06-10 00:10:53,780 INFO org.apache.hadoop.hdfs.server.namenode.FSNamesystem: Detailed lock hold time metrics enabled: false
2019-06-10 00:10:53,919 INFO org.apache.hadoop.hdfs.server.blockmanagement.DatanodeManager: dfs.block.invalidate.limit=1000
2019-06-10 00:10:53,919 INFO org.apache.hadoop.hdfs.server.blockmanagement.DatanodeManager: dfs.namenode.datanode.registration.ip-hostname-check=true
2019-06-10 00:10:53,921 INFO org.apache.hadoop.hdfs.server.blockmanagement.BlockManager: dfs.namenode.startup.delay.block.deletion.sec is set to 000:00:00:00.000
2019-06-10 00:10:53,922 INFO org.apache.hadoop.hdfs.server.blockmanagement.BlockManager: The block deletion will start around 2019 Jun 10 00:10:53
2019-06-10 00:10:53,924 INFO org.apache.hadoop.util.GSet: Computing capacity for map BlocksMap
2019-06-10 00:10:53,924 INFO org.apache.hadoop.util.GSet: VM type       = 64-bit
2019-06-10 00:10:53,928 INFO org.apache.hadoop.util.GSet: 2.0% max memory 889 MB = 17.8 MB
2019-06-10 00:10:53,928 INFO org.apache.hadoop.util.GSet: capacity      = 2^21 = 2097152 entries
2019-06-10 00:10:53,973 INFO org.apache.hadoop.hdfs.server.blockmanagement.BlockManager: dfs.block.access.token.enable=false
2019-06-10 00:10:53,984 INFO org.apache.hadoop.hdfs.server.blockmanagement.BlockManager: defaultReplication         = 3
2019-06-10 00:10:53,984 INFO org.apache.hadoop.hdfs.server.blockmanagement.BlockManager: maxReplication             = 512
2019-06-10 00:10:53,984 INFO org.apache.hadoop.hdfs.server.blockmanagement.BlockManager: minReplication             = 1
2019-06-10 00:10:53,984 INFO org.apache.hadoop.hdfs.server.blockmanagement.BlockManager: maxReplicationStreams      = 2
2019-06-10 00:10:53,984 INFO org.apache.hadoop.hdfs.server.blockmanagement.BlockManager: replicationRecheckInterval = 3000
2019-06-10 00:10:53,984 INFO org.apache.hadoop.hdfs.server.blockmanagement.BlockManager: encryptDataTransfer        = false
2019-06-10 00:10:53,984 INFO org.apache.hadoop.hdfs.server.blockmanagement.BlockManager: maxNumBlocksToLog          = 1000
2019-06-10 00:10:53,993 INFO org.apache.hadoop.hdfs.server.namenode.FSNamesystem: fsOwner             = hduser (auth:SIMPLE)
2019-06-10 00:10:53,993 INFO org.apache.hadoop.hdfs.server.namenode.FSNamesystem: supergroup          = supergroup
2019-06-10 00:10:53,993 INFO org.apache.hadoop.hdfs.server.namenode.FSNamesystem: isPermissionEnabled = true
2019-06-10 00:10:53,993 INFO org.apache.hadoop.hdfs.server.namenode.FSNamesystem: HA Enabled: false
2019-06-10 00:10:53,997 INFO org.apache.hadoop.hdfs.server.namenode.FSNamesystem: Append Enabled: true
2019-06-10 00:10:55,235 INFO org.apache.hadoop.util.GSet: Computing capacity for map INodeMap
2019-06-10 00:10:55,235 INFO org.apache.hadoop.util.GSet: VM type       = 64-bit
2019-06-10 00:10:55,235 INFO org.apache.hadoop.util.GSet: 1.0% max memory 889 MB = 8.9 MB
2019-06-10 00:10:55,235 INFO org.apache.hadoop.util.GSet: capacity      = 2^20 = 1048576 entries
2019-06-10 00:10:55,240 INFO org.apache.hadoop.hdfs.server.namenode.FSDirectory: ACLs enabled? false
2019-06-10 00:10:55,240 INFO org.apache.hadoop.hdfs.server.namenode.FSDirectory: XAttrs enabled? true
2019-06-10 00:10:55,241 INFO org.apache.hadoop.hdfs.server.namenode.NameNode: Caching file names occurring more than 10 times
2019-06-10 00:10:55,277 INFO org.apache.hadoop.util.GSet: Computing capacity for map cachedBlocks
2019-06-10 00:10:55,277 INFO org.apache.hadoop.util.GSet: VM type       = 64-bit
2019-06-10 00:10:55,277 INFO org.apache.hadoop.util.GSet: 0.25% max memory 889 MB = 2.2 MB
2019-06-10 00:10:55,277 INFO org.apache.hadoop.util.GSet: capacity      = 2^18 = 262144 entries
2019-06-10 00:10:55,285 INFO org.apache.hadoop.hdfs.server.namenode.FSNamesystem: dfs.namenode.safemode.threshold-pct = 0.9990000128746033
2019-06-10 00:10:55,285 INFO org.apache.hadoop.hdfs.server.namenode.FSNamesystem: dfs.namenode.safemode.min.datanodes = 0
2019-06-10 00:10:55,285 INFO org.apache.hadoop.hdfs.server.namenode.FSNamesystem: dfs.namenode.safemode.extension     = 30000
2019-06-10 00:10:55,318 INFO org.apache.hadoop.hdfs.server.namenode.top.metrics.TopMetrics: NNTop conf: dfs.namenode.top.window.num.buckets = 10
2019-06-10 00:10:55,318 INFO org.apache.hadoop.hdfs.server.namenode.top.metrics.TopMetrics: NNTop conf: dfs.namenode.top.num.users = 10
2019-06-10 00:10:55,318 INFO org.apache.hadoop.hdfs.server.namenode.top.metrics.TopMetrics: NNTop conf: dfs.namenode.top.windows.minutes = 1,5,25
2019-06-10 00:10:55,362 INFO org.apache.hadoop.hdfs.server.namenode.SecondaryNameNode: Checkpoint Period   :3600 secs (60 min)
2019-06-10 00:10:55,362 INFO org.apache.hadoop.hdfs.server.namenode.SecondaryNameNode: Log Size Trigger    :1000000 txns
2019-06-10 00:10:55,402 INFO org.apache.hadoop.hdfs.DFSUtil: Starting Web-server for secondary at: http://0.0.0.0:50090
2019-06-10 00:10:55,611 INFO org.mortbay.log: Logging to org.slf4j.impl.Log4jLoggerAdapter(org.mortbay.log) via org.mortbay.log.Slf4jLog
2019-06-10 00:10:55,646 INFO org.apache.hadoop.security.authentication.server.AuthenticationFilter: Unable to initialize FileSignerSecretProvider, falling back to use random secrets.
2019-06-10 00:10:55,654 INFO org.apache.hadoop.http.HttpRequestLog: Http request log for http.requests.secondary is not defined
2019-06-10 00:10:55,665 INFO org.apache.hadoop.http.HttpServer2: Added global filter 'safety' (class=org.apache.hadoop.http.HttpServer2$QuotingInputFilter)
2019-06-10 00:10:55,682 INFO org.apache.hadoop.http.HttpServer2: Added filter static_user_filter (class=org.apache.hadoop.http.lib.StaticUserWebFilter$StaticUserFilter) to context secondary
2019-06-10 00:10:55,684 INFO org.apache.hadoop.http.HttpServer2: Added filter static_user_filter (class=org.apache.hadoop.http.lib.StaticUserWebFilter$StaticUserFilter) to context logs
2019-06-10 00:10:55,685 INFO org.apache.hadoop.http.HttpServer2: Added filter static_user_filter (class=org.apache.hadoop.http.lib.StaticUserWebFilter$StaticUserFilter) to context static
2019-06-10 00:10:55,765 INFO org.apache.hadoop.http.HttpServer2: Jetty bound to port 50090
2019-06-10 00:10:55,765 INFO org.mortbay.log: jetty-6.1.26
2019-06-10 00:10:56,660 INFO org.mortbay.log: Started HttpServer2$SelectChannelConnectorWithSafeStartup@0.0.0.0:50090
2019-06-10 00:10:56,664 INFO org.apache.hadoop.hdfs.server.namenode.SecondaryNameNode: Web server init done
2019-06-10 00:11:57,661 INFO org.apache.hadoop.hdfs.server.namenode.SecondaryNameNode: Image has changed. Downloading updated image from NN.
2019-06-10 00:11:58,013 INFO org.apache.hadoop.hdfs.server.namenode.TransferFsImage: Opening connection to http://localhost:50070/imagetransfer?getimage=1&txid=0&storageInfo=-63:339872930:1560150614614:CID-c5c8a711-78c2-429b-b24e-94852b6adbe0&bootstrapstandby=false
2019-06-10 00:11:58,127 INFO org.apache.hadoop.hdfs.server.namenode.TransferFsImage: Image Transfer timeout configured to 60000 milliseconds
2019-06-10 00:11:58,387 INFO org.apache.hadoop.hdfs.server.namenode.TransferFsImage: Transfer took 0.01s at 0.00 KB/s
2019-06-10 00:11:58,390 INFO org.apache.hadoop.hdfs.server.namenode.TransferFsImage: Downloaded file fsimage.ckpt_0000000000000000000 size 323 bytes.
2019-06-10 00:11:58,424 INFO org.apache.hadoop.hdfs.server.namenode.TransferFsImage: Opening connection to http://localhost:50070/imagetransfer?getedit=1&startTxId=1&endTxId=2&storageInfo=-63:339872930:1560150614614:CID-c5c8a711-78c2-429b-b24e-94852b6adbe0
2019-06-10 00:11:58,445 INFO org.apache.hadoop.hdfs.server.namenode.TransferFsImage: Transfer took 0.00s at 0.00 KB/s
2019-06-10 00:11:58,445 INFO org.apache.hadoop.hdfs.server.namenode.TransferFsImage: Downloaded file edits_tmp_0000000000000000001-0000000000000000002_0000000000009506806 size 0 bytes.
2019-06-10 00:11:58,556 INFO org.apache.hadoop.hdfs.server.namenode.FSImageFormatPBINode: Loading 1 INodes.
2019-06-10 00:11:58,801 INFO org.apache.hadoop.hdfs.server.namenode.FSImageFormatProtobuf: Loaded FSImage in 0 seconds.
2019-06-10 00:11:58,803 INFO org.apache.hadoop.hdfs.server.namenode.FSImage: Loaded image for txid 0 from /opt/hadoop/hadooptmpdata/dfs/namesecondary/current/fsimage_0000000000000000000
2019-06-10 00:11:58,811 INFO org.apache.hadoop.hdfs.server.namenode.NameCache: initialized with 0 entries 0 lookups
2019-06-10 00:11:58,832 INFO org.apache.hadoop.hdfs.server.namenode.Checkpointer: Checkpointer about to load edits from 1 stream(s).
2019-06-10 00:11:58,852 INFO org.apache.hadoop.hdfs.server.namenode.FSImage: Reading /opt/hadoop/hadooptmpdata/dfs/namesecondary/current/edits_0000000000000000001-0000000000000000002 expecting start txid #1
2019-06-10 00:11:58,853 INFO org.apache.hadoop.hdfs.server.namenode.FSImage: Start loading edits file /opt/hadoop/hadooptmpdata/dfs/namesecondary/current/edits_0000000000000000001-0000000000000000002
2019-06-10 00:11:58,982 INFO org.apache.hadoop.hdfs.server.namenode.FSImage: Edits file /opt/hadoop/hadooptmpdata/dfs/namesecondary/current/edits_0000000000000000001-0000000000000000002 of size 42 edits # 2 loaded in 0 seconds
2019-06-10 00:11:58,995 INFO org.apache.hadoop.hdfs.server.namenode.FSImageFormatProtobuf: Saving image file /opt/hadoop/hadooptmpdata/dfs/namesecondary/current/fsimage.ckpt_0000000000000000002 using no compression
2019-06-10 00:11:59,049 INFO org.apache.hadoop.hdfs.server.namenode.FSImageFormatProtobuf: Image file /opt/hadoop/hadooptmpdata/dfs/namesecondary/current/fsimage.ckpt_0000000000000000002 of size 323 bytes saved in 0 seconds.
2019-06-10 00:11:59,054 INFO org.apache.hadoop.hdfs.server.namenode.FSImageTransactionalStorageInspector: No version file in /opt/hadoop/hadooptmpdata/dfs/namesecondary
2019-06-10 00:11:59,078 INFO org.apache.hadoop.hdfs.server.namenode.FSImageTransactionalStorageInspector: No version file in /opt/hadoop/hadooptmpdata/dfs/namesecondary
2019-06-10 00:11:59,275 INFO org.apache.hadoop.hdfs.server.namenode.TransferFsImage: Uploaded image with txid 2 to namenode at http://localhost:50070 in 0.192 seconds
2019-06-10 00:11:59,278 WARN org.apache.hadoop.hdfs.server.namenode.SecondaryNameNode: Checkpoint done. New Image Size: 323
2019-06-10 01:12:00,895 INFO org.apache.hadoop.hdfs.server.namenode.SecondaryNameNode: Image has not changed. Will not download image.
2019-06-10 01:12:00,912 INFO org.apache.hadoop.hdfs.server.namenode.TransferFsImage: Opening connection to http://localhost:50070/imagetransfer?getedit=1&startTxId=3&endTxId=4&storageInfo=-63:339872930:1560150614614:CID-c5c8a711-78c2-429b-b24e-94852b6adbe0
2019-06-10 01:12:00,949 INFO org.apache.hadoop.hdfs.server.namenode.TransferFsImage: Transfer took 0.01s at 0.00 KB/s
2019-06-10 01:12:00,949 INFO org.apache.hadoop.hdfs.server.namenode.TransferFsImage: Downloaded file edits_tmp_0000000000000000003-0000000000000000004_0000000000013109294 size 0 bytes.
2019-06-10 01:12:00,955 INFO org.apache.hadoop.hdfs.server.namenode.Checkpointer: Checkpointer about to load edits from 1 stream(s).
2019-06-10 01:12:00,958 INFO org.apache.hadoop.hdfs.server.namenode.FSImage: Reading /opt/hadoop/hadooptmpdata/dfs/namesecondary/current/edits_0000000000000000003-0000000000000000004 expecting start txid #3
2019-06-10 01:12:00,961 INFO org.apache.hadoop.hdfs.server.namenode.FSImage: Start loading edits file /opt/hadoop/hadooptmpdata/dfs/namesecondary/current/edits_0000000000000000003-0000000000000000004
2019-06-10 01:12:00,967 INFO org.apache.hadoop.hdfs.server.namenode.FSImage: Edits file /opt/hadoop/hadooptmpdata/dfs/namesecondary/current/edits_0000000000000000003-0000000000000000004 of size 42 edits # 2 loaded in 0 seconds
2019-06-10 01:12:00,976 INFO org.apache.hadoop.hdfs.server.namenode.FSImageFormatProtobuf: Saving image file /opt/hadoop/hadooptmpdata/dfs/namesecondary/current/fsimage.ckpt_0000000000000000004 using no compression
2019-06-10 01:12:01,002 INFO org.apache.hadoop.hdfs.server.namenode.FSImageFormatProtobuf: Image file /opt/hadoop/hadooptmpdata/dfs/namesecondary/current/fsimage.ckpt_0000000000000000004 of size 323 bytes saved in 0 seconds.
2019-06-10 01:12:01,180 INFO org.apache.hadoop.hdfs.server.namenode.NNStorageRetentionManager: Going to retain 2 images with txid >= 2
2019-06-10 01:12:01,181 INFO org.apache.hadoop.hdfs.server.namenode.NNStorageRetentionManager: Purging old image FSImageFile(file=/opt/hadoop/hadooptmpdata/dfs/namesecondary/current/fsimage_0000000000000000000, cpktTxId=0000000000000000000)
2019-06-10 01:12:01,259 INFO org.apache.hadoop.hdfs.server.namenode.TransferFsImage: Uploaded image with txid 4 to namenode at http://localhost:50070 in 0.037 seconds
2019-06-10 01:12:01,260 WARN org.apache.hadoop.hdfs.server.namenode.SecondaryNameNode: Checkpoint done. New Image Size: 323
2019-06-10 02:12:03,938 INFO org.apache.hadoop.hdfs.server.namenode.SecondaryNameNode: Image has not changed. Will not download image.
2019-06-10 02:12:03,962 INFO org.apache.hadoop.hdfs.server.namenode.TransferFsImage: Opening connection to http://localhost:50070/imagetransfer?getedit=1&startTxId=5&endTxId=29&storageInfo=-63:339872930:1560150614614:CID-c5c8a711-78c2-429b-b24e-94852b6adbe0
2019-06-10 02:12:04,022 INFO org.apache.hadoop.hdfs.server.namenode.TransferFsImage: Transfer took 0.01s at 142.86 KB/s
2019-06-10 02:12:04,022 INFO org.apache.hadoop.hdfs.server.namenode.TransferFsImage: Downloaded file edits_tmp_0000000000000000005-0000000000000000029_0000000000016712342 size 0 bytes.
2019-06-10 02:12:04,028 INFO org.apache.hadoop.hdfs.server.namenode.Checkpointer: Checkpointer about to load edits from 1 stream(s).
2019-06-10 02:12:04,037 INFO org.apache.hadoop.hdfs.server.namenode.FSImage: Reading /opt/hadoop/hadooptmpdata/dfs/namesecondary/current/edits_0000000000000000005-0000000000000000029 expecting start txid #5
2019-06-10 02:12:04,043 INFO org.apache.hadoop.hdfs.server.namenode.FSImage: Start loading edits file /opt/hadoop/hadooptmpdata/dfs/namesecondary/current/edits_0000000000000000005-0000000000000000029
2019-06-10 02:12:04,809 INFO org.apache.hadoop.hdfs.server.namenode.FSImage: Edits file /opt/hadoop/hadooptmpdata/dfs/namesecondary/current/edits_0000000000000000005-0000000000000000029 of size 1824 edits # 25 loaded in 0 seconds
2019-06-10 02:12:04,820 INFO org.apache.hadoop.hdfs.server.namenode.FSImageFormatProtobuf: Saving image file /opt/hadoop/hadooptmpdata/dfs/namesecondary/current/fsimage.ckpt_0000000000000000029 using no compression
2019-06-10 02:12:04,919 INFO org.apache.hadoop.hdfs.server.namenode.FSImageFormatProtobuf: Image file /opt/hadoop/hadooptmpdata/dfs/namesecondary/current/fsimage.ckpt_0000000000000000029 of size 544 bytes saved in 0 seconds.
2019-06-10 02:12:04,946 INFO org.apache.hadoop.hdfs.server.namenode.NNStorageRetentionManager: Going to retain 2 images with txid >= 4
2019-06-10 02:12:04,947 INFO org.apache.hadoop.hdfs.server.namenode.NNStorageRetentionManager: Purging old image FSImageFile(file=/opt/hadoop/hadooptmpdata/dfs/namesecondary/current/fsimage_0000000000000000002, cpktTxId=0000000000000000002)
2019-06-10 02:12:05,044 INFO org.apache.hadoop.hdfs.server.namenode.TransferFsImage: Uploaded image with txid 29 to namenode at http://localhost:50070 in 0.058 seconds
2019-06-10 02:12:05,045 WARN org.apache.hadoop.hdfs.server.namenode.SecondaryNameNode: Checkpoint done. New Image Size: 544
2019-06-10 03:12:05,898 INFO org.apache.hadoop.hdfs.server.namenode.SecondaryNameNode: Image has not changed. Will not download image.
2019-06-10 03:12:05,914 INFO org.apache.hadoop.hdfs.server.namenode.TransferFsImage: Opening connection to http://localhost:50070/imagetransfer?getedit=1&startTxId=30&endTxId=38&storageInfo=-63:339872930:1560150614614:CID-c5c8a711-78c2-429b-b24e-94852b6adbe0
2019-06-10 03:12:05,963 INFO org.apache.hadoop.hdfs.server.namenode.TransferFsImage: Transfer took 0.01s at 0.00 KB/s
2019-06-10 03:12:05,963 INFO org.apache.hadoop.hdfs.server.namenode.TransferFsImage: Downloaded file edits_tmp_0000000000000000030-0000000000000000038_0000000000020314296 size 0 bytes.
2019-06-10 03:12:05,964 INFO org.apache.hadoop.hdfs.server.namenode.Checkpointer: Checkpointer about to load edits from 1 stream(s).
2019-06-10 03:12:05,966 INFO org.apache.hadoop.hdfs.server.namenode.FSImage: Reading /opt/hadoop/hadooptmpdata/dfs/namesecondary/current/edits_0000000000000000030-0000000000000000038 expecting start txid #30
2019-06-10 03:12:05,967 INFO org.apache.hadoop.hdfs.server.namenode.FSImage: Start loading edits file /opt/hadoop/hadooptmpdata/dfs/namesecondary/current/edits_0000000000000000030-0000000000000000038
2019-06-10 03:12:05,975 INFO org.apache.hadoop.hdfs.server.namenode.FSImage: Edits file /opt/hadoop/hadooptmpdata/dfs/namesecondary/current/edits_0000000000000000030-0000000000000000038 of size 660 edits # 9 loaded in 0 seconds
2019-06-10 03:12:05,984 INFO org.apache.hadoop.hdfs.server.namenode.FSImageFormatProtobuf: Saving image file /opt/hadoop/hadooptmpdata/dfs/namesecondary/current/fsimage.ckpt_0000000000000000038 using no compression
2019-06-10 03:12:06,030 INFO org.apache.hadoop.hdfs.server.namenode.FSImageFormatProtobuf: Image file /opt/hadoop/hadooptmpdata/dfs/namesecondary/current/fsimage.ckpt_0000000000000000038 of size 675 bytes saved in 0 seconds.
2019-06-10 03:12:06,042 INFO org.apache.hadoop.hdfs.server.namenode.NNStorageRetentionManager: Going to retain 2 images with txid >= 29
2019-06-10 03:12:06,044 INFO org.apache.hadoop.hdfs.server.namenode.NNStorageRetentionManager: Purging old image FSImageFile(file=/opt/hadoop/hadooptmpdata/dfs/namesecondary/current/fsimage_0000000000000000004, cpktTxId=0000000000000000004)
2019-06-10 03:12:06,091 INFO org.apache.hadoop.hdfs.server.namenode.TransferFsImage: Uploaded image with txid 38 to namenode at http://localhost:50070 in 0.04 seconds
2019-06-10 03:12:06,092 WARN org.apache.hadoop.hdfs.server.namenode.SecondaryNameNode: Checkpoint done. New Image Size: 675
2019-06-10 04:12:06,798 INFO org.apache.hadoop.hdfs.server.namenode.SecondaryNameNode: Image has not changed. Will not download image.
2019-06-10 04:12:06,803 INFO org.apache.hadoop.hdfs.server.namenode.TransferFsImage: Opening connection to http://localhost:50070/imagetransfer?getedit=1&startTxId=39&endTxId=40&storageInfo=-63:339872930:1560150614614:CID-c5c8a711-78c2-429b-b24e-94852b6adbe0
2019-06-10 04:12:06,836 INFO org.apache.hadoop.hdfs.server.namenode.TransferFsImage: Transfer took 0.00s at 0.00 KB/s
2019-06-10 04:12:06,836 INFO org.apache.hadoop.hdfs.server.namenode.TransferFsImage: Downloaded file edits_tmp_0000000000000000039-0000000000000000040_0000000000023915185 size 0 bytes.
2019-06-10 04:12:06,838 INFO org.apache.hadoop.hdfs.server.namenode.Checkpointer: Checkpointer about to load edits from 1 stream(s).
2019-06-10 04:12:06,839 INFO org.apache.hadoop.hdfs.server.namenode.FSImage: Reading /opt/hadoop/hadooptmpdata/dfs/namesecondary/current/edits_0000000000000000039-0000000000000000040 expecting start txid #39
2019-06-10 04:12:06,840 INFO org.apache.hadoop.hdfs.server.namenode.FSImage: Start loading edits file /opt/hadoop/hadooptmpdata/dfs/namesecondary/current/edits_0000000000000000039-0000000000000000040
2019-06-10 04:12:06,844 INFO org.apache.hadoop.hdfs.server.namenode.FSImage: Edits file /opt/hadoop/hadooptmpdata/dfs/namesecondary/current/edits_0000000000000000039-0000000000000000040 of size 42 edits # 2 loaded in 0 seconds
2019-06-10 04:12:06,961 INFO org.apache.hadoop.hdfs.server.namenode.FSImageFormatProtobuf: Saving image file /opt/hadoop/hadooptmpdata/dfs/namesecondary/current/fsimage.ckpt_0000000000000000040 using no compression
2019-06-10 04:12:06,975 INFO org.apache.hadoop.hdfs.server.namenode.FSImageFormatProtobuf: Image file /opt/hadoop/hadooptmpdata/dfs/namesecondary/current/fsimage.ckpt_0000000000000000040 of size 675 bytes saved in 0 seconds.
2019-06-10 04:12:06,991 INFO org.apache.hadoop.hdfs.server.namenode.NNStorageRetentionManager: Going to retain 2 images with txid >= 38
2019-06-10 04:12:06,993 INFO org.apache.hadoop.hdfs.server.namenode.NNStorageRetentionManager: Purging old image FSImageFile(file=/opt/hadoop/hadooptmpdata/dfs/namesecondary/current/fsimage_0000000000000000029, cpktTxId=0000000000000000029)
2019-06-10 04:12:07,095 INFO org.apache.hadoop.hdfs.server.namenode.TransferFsImage: Uploaded image with txid 40 to namenode at http://localhost:50070 in 0.082 seconds
2019-06-10 04:12:07,096 WARN org.apache.hadoop.hdfs.server.namenode.SecondaryNameNode: Checkpoint done. New Image Size: 675
2019-06-10 04:40:24,800 ERROR org.apache.hadoop.hdfs.server.namenode.SecondaryNameNode: RECEIVED SIGNAL 15: SIGTERM
2019-06-10 04:40:25,542 INFO org.apache.hadoop.hdfs.server.namenode.SecondaryNameNode: SHUTDOWN_MSG: 
/************************************************************
SHUTDOWN_MSG: Shutting down SecondaryNameNode at ubuntu/127.0.1.1
************************************************************/
2019-06-10 04:41:38,623 INFO org.apache.hadoop.hdfs.server.namenode.SecondaryNameNode: STARTUP_MSG: 
/************************************************************
STARTUP_MSG: Starting SecondaryNameNode
STARTUP_MSG:   user = hduser
STARTUP_MSG:   host = ubuntu/127.0.1.1
STARTUP_MSG:   args = []
STARTUP_MSG:   version = 2.8.5
STARTUP_MSG:   classpath = /opt/hadoop/etc/hadoop:/opt/hadoop/share/hadoop/common/lib/mockito-all-1.8.5.jar:/opt/hadoop/share/hadoop/common/lib/jackson-core-asl-1.9.13.jar:/opt/hadoop/share/hadoop/common/lib/slf4j-api-1.7.10.jar:/opt/hadoop/share/hadoop/common/lib/log4j-1.2.17.jar:/opt/hadoop/share/hadoop/common/lib/jaxb-impl-2.2.3-1.jar:/opt/hadoop/share/hadoop/common/lib/paranamer-2.3.jar:/opt/hadoop/share/hadoop/common/lib/commons-codec-1.4.jar:/opt/hadoop/share/hadoop/common/lib/xz-1.0.jar:/opt/hadoop/share/hadoop/common/lib/json-smart-1.3.1.jar:/opt/hadoop/share/hadoop/common/lib/gson-2.2.4.jar:/opt/hadoop/share/hadoop/common/lib/api-util-1.0.0-M20.jar:/opt/hadoop/share/hadoop/common/lib/jackson-mapper-asl-1.9.13.jar:/opt/hadoop/share/hadoop/common/lib/httpclient-4.5.2.jar:/opt/hadoop/share/hadoop/common/lib/jets3t-0.9.0.jar:/opt/hadoop/share/hadoop/common/lib/commons-io-2.4.jar:/opt/hadoop/share/hadoop/common/lib/netty-3.6.2.Final.jar:/opt/hadoop/share/hadoop/common/lib/apacheds-kerberos-codec-2.0.0-M15.jar:/opt/hadoop/share/hadoop/common/lib/jsch-0.1.54.jar:/opt/hadoop/share/hadoop/common/lib/zookeeper-3.4.6.jar:/opt/hadoop/share/hadoop/common/lib/junit-4.11.jar:/opt/hadoop/share/hadoop/common/lib/jetty-6.1.26.jar:/opt/hadoop/share/hadoop/common/lib/nimbus-jose-jwt-4.41.1.jar:/opt/hadoop/share/hadoop/common/lib/httpcore-4.4.4.jar:/opt/hadoop/share/hadoop/common/lib/jetty-sslengine-6.1.26.jar:/opt/hadoop/share/hadoop/common/lib/apacheds-i18n-2.0.0-M15.jar:/opt/hadoop/share/hadoop/common/lib/commons-beanutils-core-1.8.0.jar:/opt/hadoop/share/hadoop/common/lib/java-xmlbuilder-0.4.jar:/opt/hadoop/share/hadoop/common/lib/jettison-1.1.jar:/opt/hadoop/share/hadoop/common/lib/jackson-xc-1.9.13.jar:/opt/hadoop/share/hadoop/common/lib/slf4j-log4j12-1.7.10.jar:/opt/hadoop/share/hadoop/common/lib/commons-net-3.1.jar:/opt/hadoop/share/hadoop/common/lib/commons-digester-1.8.jar:/opt/hadoop/share/hadoop/common/lib/servlet-api-2.5.jar:/opt/hadoop/share/hadoop/common/lib/jackson-jaxrs-1.9.13.jar:/opt/hadoop/share/hadoop/common/lib/commons-configuration-1.6.jar:/opt/hadoop/share/hadoop/common/lib/commons-beanutils-1.7.0.jar:/opt/hadoop/share/hadoop/common/lib/jetty-util-6.1.26.jar:/opt/hadoop/share/hadoop/common/lib/commons-cli-1.2.jar:/opt/hadoop/share/hadoop/common/lib/jsr305-3.0.0.jar:/opt/hadoop/share/hadoop/common/lib/hadoop-annotations-2.8.5.jar:/opt/hadoop/share/hadoop/common/lib/snappy-java-1.0.4.1.jar:/opt/hadoop/share/hadoop/common/lib/asm-3.2.jar:/opt/hadoop/share/hadoop/common/lib/jaxb-api-2.2.2.jar:/opt/hadoop/share/hadoop/common/lib/xmlenc-0.52.jar:/opt/hadoop/share/hadoop/common/lib/jcip-annotations-1.0-1.jar:/opt/hadoop/share/hadoop/common/lib/htrace-core4-4.0.1-incubating.jar:/opt/hadoop/share/hadoop/common/lib/api-asn1-api-1.0.0-M20.jar:/opt/hadoop/share/hadoop/common/lib/jersey-json-1.9.jar:/opt/hadoop/share/hadoop/common/lib/hamcrest-core-1.3.jar:/opt/hadoop/share/hadoop/common/lib/commons-collections-3.2.2.jar:/opt/hadoop/share/hadoop/common/lib/stax-api-1.0-2.jar:/opt/hadoop/share/hadoop/common/lib/jersey-server-1.9.jar:/opt/hadoop/share/hadoop/common/lib/commons-math3-3.1.1.jar:/opt/hadoop/share/hadoop/common/lib/hadoop-auth-2.8.5.jar:/opt/hadoop/share/hadoop/common/lib/protobuf-java-2.5.0.jar:/opt/hadoop/share/hadoop/common/lib/curator-client-2.7.1.jar:/opt/hadoop/share/hadoop/common/lib/activation-1.1.jar:/opt/hadoop/share/hadoop/common/lib/jsp-api-2.1.jar:/opt/hadoop/share/hadoop/common/lib/commons-lang-2.6.jar:/opt/hadoop/share/hadoop/common/lib/curator-framework-2.7.1.jar:/opt/hadoop/share/hadoop/common/lib/jersey-core-1.9.jar:/opt/hadoop/share/hadoop/common/lib/commons-compress-1.4.1.jar:/opt/hadoop/share/hadoop/common/lib/avro-1.7.4.jar:/opt/hadoop/share/hadoop/common/lib/curator-recipes-2.7.1.jar:/opt/hadoop/share/hadoop/common/lib/guava-11.0.2.jar:/opt/hadoop/share/hadoop/common/lib/commons-logging-1.1.3.jar:/opt/hadoop/share/hadoop/common/hadoop-common-2.8.5.jar:/opt/hadoop/share/hadoop/common/hadoop-nfs-2.8.5.jar:/opt/hadoop/share/hadoop/common/hadoop-common-2.8.5-tests.jar:/opt/hadoop/share/hadoop/hdfs:/opt/hadoop/share/hadoop/hdfs/lib/jackson-core-asl-1.9.13.jar:/opt/hadoop/share/hadoop/hdfs/lib/xml-apis-1.3.04.jar:/opt/hadoop/share/hadoop/hdfs/lib/log4j-1.2.17.jar:/opt/hadoop/share/hadoop/hdfs/lib/commons-codec-1.4.jar:/opt/hadoop/share/hadoop/hdfs/lib/okio-1.4.0.jar:/opt/hadoop/share/hadoop/hdfs/lib/jackson-mapper-asl-1.9.13.jar:/opt/hadoop/share/hadoop/hdfs/lib/commons-io-2.4.jar:/opt/hadoop/share/hadoop/hdfs/lib/netty-3.6.2.Final.jar:/opt/hadoop/share/hadoop/hdfs/lib/netty-all-4.0.23.Final.jar:/opt/hadoop/share/hadoop/hdfs/lib/jetty-6.1.26.jar:/opt/hadoop/share/hadoop/hdfs/lib/leveldbjni-all-1.8.jar:/opt/hadoop/share/hadoop/hdfs/lib/servlet-api-2.5.jar:/opt/hadoop/share/hadoop/hdfs/lib/jetty-util-6.1.26.jar:/opt/hadoop/share/hadoop/hdfs/lib/okhttp-2.4.0.jar:/opt/hadoop/share/hadoop/hdfs/lib/commons-cli-1.2.jar:/opt/hadoop/share/hadoop/hdfs/lib/jsr305-3.0.0.jar:/opt/hadoop/share/hadoop/hdfs/lib/asm-3.2.jar:/opt/hadoop/share/hadoop/hdfs/lib/xmlenc-0.52.jar:/opt/hadoop/share/hadoop/hdfs/lib/hadoop-hdfs-client-2.8.5.jar:/opt/hadoop/share/hadoop/hdfs/lib/htrace-core4-4.0.1-incubating.jar:/opt/hadoop/share/hadoop/hdfs/lib/commons-daemon-1.0.13.jar:/opt/hadoop/share/hadoop/hdfs/lib/jersey-server-1.9.jar:/opt/hadoop/share/hadoop/hdfs/lib/protobuf-java-2.5.0.jar:/opt/hadoop/share/hadoop/hdfs/lib/commons-lang-2.6.jar:/opt/hadoop/share/hadoop/hdfs/lib/jersey-core-1.9.jar:/opt/hadoop/share/hadoop/hdfs/lib/xercesImpl-2.9.1.jar:/opt/hadoop/share/hadoop/hdfs/lib/guava-11.0.2.jar:/opt/hadoop/share/hadoop/hdfs/lib/commons-logging-1.1.3.jar:/opt/hadoop/share/hadoop/hdfs/hadoop-hdfs-2.8.5-tests.jar:/opt/hadoop/share/hadoop/hdfs/hadoop-hdfs-native-client-2.8.5-tests.jar:/opt/hadoop/share/hadoop/hdfs/hadoop-hdfs-2.8.5.jar:/opt/hadoop/share/hadoop/hdfs/hadoop-hdfs-client-2.8.5-tests.jar:/opt/hadoop/share/hadoop/hdfs/hadoop-hdfs-client-2.8.5.jar:/opt/hadoop/share/hadoop/hdfs/hadoop-hdfs-nfs-2.8.5.jar:/opt/hadoop/share/hadoop/hdfs/hadoop-hdfs-native-client-2.8.5.jar:/opt/hadoop/share/hadoop/yarn/lib/jackson-core-asl-1.9.13.jar:/opt/hadoop/share/hadoop/yarn/lib/aopalliance-1.0.jar:/opt/hadoop/share/hadoop/yarn/lib/log4j-1.2.17.jar:/opt/hadoop/share/hadoop/yarn/lib/jaxb-impl-2.2.3-1.jar:/opt/hadoop/share/hadoop/yarn/lib/commons-codec-1.4.jar:/opt/hadoop/share/hadoop/yarn/lib/xz-1.0.jar:/opt/hadoop/share/hadoop/yarn/lib/jackson-mapper-asl-1.9.13.jar:/opt/hadoop/share/hadoop/yarn/lib/commons-io-2.4.jar:/opt/hadoop/share/hadoop/yarn/lib/zookeeper-3.4.6-tests.jar:/opt/hadoop/share/hadoop/yarn/lib/netty-3.6.2.Final.jar:/opt/hadoop/share/hadoop/yarn/lib/guice-3.0.jar:/opt/hadoop/share/hadoop/yarn/lib/zookeeper-3.4.6.jar:/opt/hadoop/share/hadoop/yarn/lib/jetty-6.1.26.jar:/opt/hadoop/share/hadoop/yarn/lib/curator-test-2.7.1.jar:/opt/hadoop/share/hadoop/yarn/lib/leveldbjni-all-1.8.jar:/opt/hadoop/share/hadoop/yarn/lib/jersey-guice-1.9.jar:/opt/hadoop/share/hadoop/yarn/lib/javassist-3.18.1-GA.jar:/opt/hadoop/share/hadoop/yarn/lib/jettison-1.1.jar:/opt/hadoop/share/hadoop/yarn/lib/jackson-xc-1.9.13.jar:/opt/hadoop/share/hadoop/yarn/lib/java-util-1.9.0.jar:/opt/hadoop/share/hadoop/yarn/lib/servlet-api-2.5.jar:/opt/hadoop/share/hadoop/yarn/lib/jackson-jaxrs-1.9.13.jar:/opt/hadoop/share/hadoop/yarn/lib/commons-math-2.2.jar:/opt/hadoop/share/hadoop/yarn/lib/jersey-client-1.9.jar:/opt/hadoop/share/hadoop/yarn/lib/jetty-util-6.1.26.jar:/opt/hadoop/share/hadoop/yarn/lib/fst-2.50.jar:/opt/hadoop/share/hadoop/yarn/lib/commons-cli-1.2.jar:/opt/hadoop/share/hadoop/yarn/lib/jsr305-3.0.0.jar:/opt/hadoop/share/hadoop/yarn/lib/javax.inject-1.jar:/opt/hadoop/share/hadoop/yarn/lib/json-io-2.5.1.jar:/opt/hadoop/share/hadoop/yarn/lib/asm-3.2.jar:/opt/hadoop/share/hadoop/yarn/lib/jaxb-api-2.2.2.jar:/opt/hadoop/share/hadoop/yarn/lib/jersey-json-1.9.jar:/opt/hadoop/share/hadoop/yarn/lib/commons-collections-3.2.2.jar:/opt/hadoop/share/hadoop/yarn/lib/stax-api-1.0-2.jar:/opt/hadoop/share/hadoop/yarn/lib/guice-servlet-3.0.jar:/opt/hadoop/share/hadoop/yarn/lib/jersey-server-1.9.jar:/opt/hadoop/share/hadoop/yarn/lib/protobuf-java-2.5.0.jar:/opt/hadoop/share/hadoop/yarn/lib/curator-client-2.7.1.jar:/opt/hadoop/share/hadoop/yarn/lib/activation-1.1.jar:/opt/hadoop/share/hadoop/yarn/lib/commons-lang-2.6.jar:/opt/hadoop/share/hadoop/yarn/lib/jersey-core-1.9.jar:/opt/hadoop/share/hadoop/yarn/lib/commons-compress-1.4.1.jar:/opt/hadoop/share/hadoop/yarn/lib/guava-11.0.2.jar:/opt/hadoop/share/hadoop/yarn/lib/commons-logging-1.1.3.jar:/opt/hadoop/share/hadoop/yarn/hadoop-yarn-server-resourcemanager-2.8.5.jar:/opt/hadoop/share/hadoop/yarn/hadoop-yarn-api-2.8.5.jar:/opt/hadoop/share/hadoop/yarn/hadoop-yarn-server-web-proxy-2.8.5.jar:/opt/hadoop/share/hadoop/yarn/hadoop-yarn-applications-distributedshell-2.8.5.jar:/opt/hadoop/share/hadoop/yarn/hadoop-yarn-server-nodemanager-2.8.5.jar:/opt/hadoop/share/hadoop/yarn/hadoop-yarn-server-tests-2.8.5.jar:/opt/hadoop/share/hadoop/yarn/hadoop-yarn-server-common-2.8.5.jar:/opt/hadoop/share/hadoop/yarn/hadoop-yarn-applications-unmanaged-am-launcher-2.8.5.jar:/opt/hadoop/share/hadoop/yarn/hadoop-yarn-registry-2.8.5.jar:/opt/hadoop/share/hadoop/yarn/hadoop-yarn-server-timeline-pluginstorage-2.8.5.jar:/opt/hadoop/share/hadoop/yarn/hadoop-yarn-server-applicationhistoryservice-2.8.5.jar:/opt/hadoop/share/hadoop/yarn/hadoop-yarn-server-sharedcachemanager-2.8.5.jar:/opt/hadoop/share/hadoop/yarn/hadoop-yarn-client-2.8.5.jar:/opt/hadoop/share/hadoop/yarn/hadoop-yarn-common-2.8.5.jar:/opt/hadoop/share/hadoop/mapreduce/lib/jackson-core-asl-1.9.13.jar:/opt/hadoop/share/hadoop/mapreduce/lib/aopalliance-1.0.jar:/opt/hadoop/share/hadoop/mapreduce/lib/log4j-1.2.17.jar:/opt/hadoop/share/hadoop/mapreduce/lib/paranamer-2.3.jar:/opt/hadoop/share/hadoop/mapreduce/lib/xz-1.0.jar:/opt/hadoop/share/hadoop/mapreduce/lib/jackson-mapper-asl-1.9.13.jar:/opt/hadoop/share/hadoop/mapreduce/lib/commons-io-2.4.jar:/opt/hadoop/share/hadoop/mapreduce/lib/netty-3.6.2.Final.jar:/opt/hadoop/share/hadoop/mapreduce/lib/guice-3.0.jar:/opt/hadoop/share/hadoop/mapreduce/lib/junit-4.11.jar:/opt/hadoop/share/hadoop/mapreduce/lib/leveldbjni-all-1.8.jar:/opt/hadoop/share/hadoop/mapreduce/lib/jersey-guice-1.9.jar:/opt/hadoop/share/hadoop/mapreduce/lib/hadoop-annotations-2.8.5.jar:/opt/hadoop/share/hadoop/mapreduce/lib/snappy-java-1.0.4.1.jar:/opt/hadoop/share/hadoop/mapreduce/lib/javax.inject-1.jar:/opt/hadoop/share/hadoop/mapreduce/lib/asm-3.2.jar:/opt/hadoop/share/hadoop/mapreduce/lib/hamcrest-core-1.3.jar:/opt/hadoop/share/hadoop/mapreduce/lib/guice-servlet-3.0.jar:/opt/hadoop/share/hadoop/mapreduce/lib/jersey-server-1.9.jar:/opt/hadoop/share/hadoop/mapreduce/lib/protobuf-java-2.5.0.jar:/opt/hadoop/share/hadoop/mapreduce/lib/jersey-core-1.9.jar:/opt/hadoop/share/hadoop/mapreduce/lib/commons-compress-1.4.1.jar:/opt/hadoop/share/hadoop/mapreduce/lib/avro-1.7.4.jar:/opt/hadoop/share/hadoop/mapreduce/hadoop-mapreduce-client-hs-plugins-2.8.5.jar:/opt/hadoop/share/hadoop/mapreduce/hadoop-mapreduce-client-app-2.8.5.jar:/opt/hadoop/share/hadoop/mapreduce/hadoop-mapreduce-client-jobclient-2.8.5.jar:/opt/hadoop/share/hadoop/mapreduce/hadoop-mapreduce-client-jobclient-2.8.5-tests.jar:/opt/hadoop/share/hadoop/mapreduce/hadoop-mapreduce-examples-2.8.5.jar:/opt/hadoop/share/hadoop/mapreduce/hadoop-mapreduce-client-hs-2.8.5.jar:/opt/hadoop/share/hadoop/mapreduce/hadoop-mapreduce-client-core-2.8.5.jar:/opt/hadoop/share/hadoop/mapreduce/hadoop-mapreduce-client-common-2.8.5.jar:/opt/hadoop/share/hadoop/mapreduce/hadoop-mapreduce-client-shuffle-2.8.5.jar:/contrib/capacity-scheduler/*.jar:/contrib/capacity-scheduler/*.jar:/contrib/capacity-scheduler/*.jar
STARTUP_MSG:   build = https://git-wip-us.apache.org/repos/asf/hadoop.git -r 0b8464d75227fcee2c6e7f2410377b3d53d3d5f8; compiled by 'jdu' on 2018-09-10T03:32Z
STARTUP_MSG:   java = 1.8.0_211
************************************************************/
2019-06-10 04:41:38,634 INFO org.apache.hadoop.hdfs.server.namenode.SecondaryNameNode: registered UNIX signal handlers for [TERM, HUP, INT]
2019-06-10 04:41:39,152 INFO org.apache.hadoop.metrics2.impl.MetricsConfig: loaded properties from hadoop-metrics2.properties
2019-06-10 04:41:39,211 INFO org.apache.hadoop.metrics2.impl.MetricsSystemImpl: Scheduled Metric snapshot period at 10 second(s).
2019-06-10 04:41:39,212 INFO org.apache.hadoop.metrics2.impl.MetricsSystemImpl: SecondaryNameNode metrics system started
2019-06-10 04:41:39,405 INFO org.apache.hadoop.hdfs.server.namenode.FSEditLog: Edit logging is async:true
2019-06-10 04:41:39,414 INFO org.apache.hadoop.hdfs.server.common.Storage: Lock on /opt/hadoop/hadooptmpdata/dfs/namesecondary/in_use.lock acquired by nodename 3685@ubuntu
2019-06-10 04:41:39,435 INFO org.apache.hadoop.hdfs.server.namenode.FSNamesystem: KeyProvider: null
2019-06-10 04:41:39,435 INFO org.apache.hadoop.hdfs.server.namenode.FSNamesystem: fsLock is fair: true
2019-06-10 04:41:39,437 INFO org.apache.hadoop.hdfs.server.namenode.FSNamesystem: Detailed lock hold time metrics enabled: false
2019-06-10 04:41:39,470 INFO org.apache.hadoop.hdfs.server.blockmanagement.DatanodeManager: dfs.block.invalidate.limit=1000
2019-06-10 04:41:39,470 INFO org.apache.hadoop.hdfs.server.blockmanagement.DatanodeManager: dfs.namenode.datanode.registration.ip-hostname-check=true
2019-06-10 04:41:39,471 INFO org.apache.hadoop.hdfs.server.blockmanagement.BlockManager: dfs.namenode.startup.delay.block.deletion.sec is set to 000:00:00:00.000
2019-06-10 04:41:39,472 INFO org.apache.hadoop.hdfs.server.blockmanagement.BlockManager: The block deletion will start around 2019 Jun 10 04:41:39
2019-06-10 04:41:39,473 INFO org.apache.hadoop.util.GSet: Computing capacity for map BlocksMap
2019-06-10 04:41:39,474 INFO org.apache.hadoop.util.GSet: VM type       = 64-bit
2019-06-10 04:41:39,475 INFO org.apache.hadoop.util.GSet: 2.0% max memory 889 MB = 17.8 MB
2019-06-10 04:41:39,475 INFO org.apache.hadoop.util.GSet: capacity      = 2^21 = 2097152 entries
2019-06-10 04:41:39,488 INFO org.apache.hadoop.hdfs.server.blockmanagement.BlockManager: dfs.block.access.token.enable=false
2019-06-10 04:41:39,490 INFO org.apache.hadoop.hdfs.server.blockmanagement.BlockManager: defaultReplication         = 3
2019-06-10 04:41:39,490 INFO org.apache.hadoop.hdfs.server.blockmanagement.BlockManager: maxReplication             = 512
2019-06-10 04:41:39,491 INFO org.apache.hadoop.hdfs.server.blockmanagement.BlockManager: minReplication             = 1
2019-06-10 04:41:39,491 INFO org.apache.hadoop.hdfs.server.blockmanagement.BlockManager: maxReplicationStreams      = 2
2019-06-10 04:41:39,491 INFO org.apache.hadoop.hdfs.server.blockmanagement.BlockManager: replicationRecheckInterval = 3000
2019-06-10 04:41:39,491 INFO org.apache.hadoop.hdfs.server.blockmanagement.BlockManager: encryptDataTransfer        = false
2019-06-10 04:41:39,491 INFO org.apache.hadoop.hdfs.server.blockmanagement.BlockManager: maxNumBlocksToLog          = 1000
2019-06-10 04:41:39,492 INFO org.apache.hadoop.hdfs.server.namenode.FSNamesystem: fsOwner             = hduser (auth:SIMPLE)
2019-06-10 04:41:39,493 INFO org.apache.hadoop.hdfs.server.namenode.FSNamesystem: supergroup          = supergroup
2019-06-10 04:41:39,493 INFO org.apache.hadoop.hdfs.server.namenode.FSNamesystem: isPermissionEnabled = true
2019-06-10 04:41:39,493 INFO org.apache.hadoop.hdfs.server.namenode.FSNamesystem: HA Enabled: false
2019-06-10 04:41:39,494 INFO org.apache.hadoop.hdfs.server.namenode.FSNamesystem: Append Enabled: true
2019-06-10 04:41:39,736 INFO org.apache.hadoop.util.GSet: Computing capacity for map INodeMap
2019-06-10 04:41:39,736 INFO org.apache.hadoop.util.GSet: VM type       = 64-bit
2019-06-10 04:41:39,736 INFO org.apache.hadoop.util.GSet: 1.0% max memory 889 MB = 8.9 MB
2019-06-10 04:41:39,736 INFO org.apache.hadoop.util.GSet: capacity      = 2^20 = 1048576 entries
2019-06-10 04:41:39,737 INFO org.apache.hadoop.hdfs.server.namenode.FSDirectory: ACLs enabled? false
2019-06-10 04:41:39,737 INFO org.apache.hadoop.hdfs.server.namenode.FSDirectory: XAttrs enabled? true
2019-06-10 04:41:39,737 INFO org.apache.hadoop.hdfs.server.namenode.NameNode: Caching file names occurring more than 10 times
2019-06-10 04:41:39,744 INFO org.apache.hadoop.util.GSet: Computing capacity for map cachedBlocks
2019-06-10 04:41:39,744 INFO org.apache.hadoop.util.GSet: VM type       = 64-bit
2019-06-10 04:41:39,744 INFO org.apache.hadoop.util.GSet: 0.25% max memory 889 MB = 2.2 MB
2019-06-10 04:41:39,744 INFO org.apache.hadoop.util.GSet: capacity      = 2^18 = 262144 entries
2019-06-10 04:41:39,746 INFO org.apache.hadoop.hdfs.server.namenode.FSNamesystem: dfs.namenode.safemode.threshold-pct = 0.9990000128746033
2019-06-10 04:41:39,746 INFO org.apache.hadoop.hdfs.server.namenode.FSNamesystem: dfs.namenode.safemode.min.datanodes = 0
2019-06-10 04:41:39,746 INFO org.apache.hadoop.hdfs.server.namenode.FSNamesystem: dfs.namenode.safemode.extension     = 30000
2019-06-10 04:41:39,749 INFO org.apache.hadoop.hdfs.server.namenode.top.metrics.TopMetrics: NNTop conf: dfs.namenode.top.window.num.buckets = 10
2019-06-10 04:41:39,749 INFO org.apache.hadoop.hdfs.server.namenode.top.metrics.TopMetrics: NNTop conf: dfs.namenode.top.num.users = 10
2019-06-10 04:41:39,749 INFO org.apache.hadoop.hdfs.server.namenode.top.metrics.TopMetrics: NNTop conf: dfs.namenode.top.windows.minutes = 1,5,25
2019-06-10 04:41:39,762 INFO org.apache.hadoop.hdfs.server.namenode.SecondaryNameNode: Checkpoint Period   :3600 secs (60 min)
2019-06-10 04:41:39,762 INFO org.apache.hadoop.hdfs.server.namenode.SecondaryNameNode: Log Size Trigger    :1000000 txns
2019-06-10 04:41:39,769 INFO org.apache.hadoop.hdfs.DFSUtil: Starting Web-server for secondary at: http://0.0.0.0:50090
2019-06-10 04:41:39,815 INFO org.mortbay.log: Logging to org.slf4j.impl.Log4jLoggerAdapter(org.mortbay.log) via org.mortbay.log.Slf4jLog
2019-06-10 04:41:39,822 INFO org.apache.hadoop.security.authentication.server.AuthenticationFilter: Unable to initialize FileSignerSecretProvider, falling back to use random secrets.
2019-06-10 04:41:39,831 INFO org.apache.hadoop.http.HttpRequestLog: Http request log for http.requests.secondary is not defined
2019-06-10 04:41:39,836 INFO org.apache.hadoop.http.HttpServer2: Added global filter 'safety' (class=org.apache.hadoop.http.HttpServer2$QuotingInputFilter)
2019-06-10 04:41:39,837 INFO org.apache.hadoop.http.HttpServer2: Added filter static_user_filter (class=org.apache.hadoop.http.lib.StaticUserWebFilter$StaticUserFilter) to context secondary
2019-06-10 04:41:39,838 INFO org.apache.hadoop.http.HttpServer2: Added filter static_user_filter (class=org.apache.hadoop.http.lib.StaticUserWebFilter$StaticUserFilter) to context logs
2019-06-10 04:41:39,838 INFO org.apache.hadoop.http.HttpServer2: Added filter static_user_filter (class=org.apache.hadoop.http.lib.StaticUserWebFilter$StaticUserFilter) to context static
2019-06-10 04:41:39,849 INFO org.apache.hadoop.http.HttpServer2: Jetty bound to port 50090
2019-06-10 04:41:39,849 INFO org.mortbay.log: jetty-6.1.26
2019-06-10 04:41:39,964 INFO org.mortbay.log: Started HttpServer2$SelectChannelConnectorWithSafeStartup@0.0.0.0:50090
2019-06-10 04:41:39,964 INFO org.apache.hadoop.hdfs.server.namenode.SecondaryNameNode: Web server init done
